./speed_pop2_base.mytest-m64: error while loading shared libraries: libgfortran.so.5: cannot open shared object file: No such file or directory
./speed_pop2_base.mytest-m64: error while loading shared libraries: libgfortran.so.5: cannot open shared object file: No such file or directory
./speed_pop2_base.mytest-m64: error while loading shared libraries: libgfortran.so.5: cannot open shared object file: No such file or directory
./speed_pop2_base.mytest-m64: error while loading shared libraries: libgfortran.so.5: cannot open shared object file: No such file or directory
./speed_pop2_base.mytest-m64: error while loading shared libraries: libgfortran.so.5: cannot open shared object file: No such file or directory
./run_sev_enable.sh: line 22: ./speed_pop2_base.mytest-m64: No such file or directory
./run_sev_enable.sh: line 22: ./speed_pop2_base.mytest-m64: No such file or directory
./run_sev_enable.sh: line 22: ./speed_pop2_base.mytest-m64: No such file or directory
./run_sev_enable.sh: line 22: ./speed_pop2_base.mytest-m64: No such file or directory
./run_sev_enable.sh: line 22: ./speed_pop2_base.mytest-m64: No such file or directory
./run_sev_enable.sh: line 22: ./speed_pop2_base.mytest-m64: No such file or directory
./run_sev_enable.sh: line 22: ./speed_pop2_base.mytest-m64: No such file or directory
./run_sev_enable.sh: line 22: ./speed_pop2_base.mytest-m64: No such file or directory
./run_sev_enable.sh: line 22: ./speed_pop2_base.mytest-m64: No such file or directory
./run_sev_enable.sh: line 22: ./speed_pop2_base.mytest-m64: No such file or directory
./run_sev_enable.sh: line 22: ./speed_pop2_base.mytest-m64: No such file or directory
./run_sev_enable.sh: line 22: ./speed_pop2_base.mytest-m64: No such file or directory
./run_sev_enable.sh: line 22: ./speed_pop2_base.mytest-m64: No such file or directory
./run_sev_enable.sh: line 22: ./speed_pop2_base.mytest-m64: No such file or directory
./run_sev_enable.sh: line 22: ./speed_pop2_base.mytest-m64: No such file or directory
./run_sev_enable.sh: line 22: ./speed_pop2_base.mytest-m64: No such file or directory
./run_sev_enable.sh: line 22: ./speed_pop2_base.mytest-m64: No such file or directory
./run_sev_enable.sh: line 22: ./speed_pop2_base.mytest-m64: No such file or directory
./run_sev_enable.sh: line 22: ./speed_pop2_base.mytest-m64: No such file or directory
./run_sev_enable.sh: line 22: ./speed_pop2_base.mytest-m64: No such file or directory
./run_sev_enable.sh: line 22: ./speed_pop2_base.mytest-m64: No such file or directory
./run_sev_enable.sh: line 22: ./speed_pop2_base.mytest-m64: No such file or directory
./run_sev_enable.sh: line 22: ./speed_pop2_base.mytest-m64: No such file or directory
./run_sev_enable.sh: line 22: ./speed_pop2_base.mytest-m64: No such file or directory
./run_sev_enable.sh: line 22: ./speed_pop2_base.mytest-m64: No such file or directory
./run_sev_enable.sh: line 22: ./speed_pop2_base.mytest-m64: No such file or directory
./run_sev_enable.sh: line 22: ./speed_pop2_base.mytest-m64: No such file or directory
./run_sev_enable.sh: line 22: ./speed_pop2_base.mytest-m64: No such file or directory
./run_sev_enable.sh: line 22: ./speed_pop2_base.mytest-m64: No such file or directory
./run_sev_enable.sh: line 22: ./speed_pop2_base.mytest-m64: No such file or directory
./run_sev_enable.sh: line 22: ./speed_pop2_base.mytest-m64: No such file or directory
./run_sev_enable.sh: line 22: ./speed_pop2_base.mytest-m64: No such file or directory
./run_sev_enable.sh: line 22: ./speed_pop2_base.mytest-m64: No such file or directory
./run_sev_enable.sh: line 22: ./speed_pop2_base.mytest-m64: No such file or directory
./run_sev_enable.sh: line 22: ./speed_pop2_base.mytest-m64: No such file or directory
./run_sev_enable.sh: line 22: ./speed_pop2_base.mytest-m64: No such file or directory
./run_sev_enable.sh: line 22: ./speed_pop2_base.mytest-m64: No such file or directory
./run_sev_enable.sh: line 22: ./speed_pop2_base.mytest-m64: No such file or directory
./run_sev_enable.sh: line 22: ./speed_pop2_base.mytest-m64: No such file or directory
./run_sev_enable.sh: line 22: ./speed_pop2_base.mytest-m64: No such file or directory
./run_sev_enable.sh: line 22: ./speed_pop2_base.mytest-m64: No such file or directory
./run_sev_enable.sh: line 22: ./speed_pop2_base.mytest-m64: No such file or directory
./run_sev_enable.sh: line 22: ./speed_pop2_base.mytest-m64: No such file or directory
./run_sev_enable.sh: line 22: ./speed_pop2_base.mytest-m64: No such file or directory
./run_sev_enable.sh: line 22: ./speed_pop2_base.mytest-m64: No such file or directory
./run_sev_enable.sh: line 22: ./speed_pop2_base.mytest-m64: No such file or directory
./run_sev_enable.sh: line 22: ./speed_pop2_base.mytest-m64: No such file or directory
./run_sev_enable.sh: line 22: ./speed_pop2_base.mytest-m64: No such file or directory
./run_sev_enable.sh: line 22: ./speed_pop2_base.mytest-m64: No such file or directory
./run_sev_enable.sh: line 22: ./speed_pop2_base.mytest-m64: No such file or directory
./run_sev_enable.sh: line 28: ./speed_pop2_base.mytest-m64: No such file or directory
./run_sev_enable.sh: line 28: ./speed_pop2_base.mytest-m64: No such file or directory
./run_sev_enable.sh: line 28: ./speed_pop2_base.mytest-m64: No such file or directory
./run_sev_enable.sh: line 28: ./speed_pop2_base.mytest-m64: No such file or directory
./run_sev_enable.sh: line 28: ./speed_pop2_base.mytest-m64: No such file or directory
./run_sev_enable.sh: line 28: ./speed_pop2_base.mytest-m64: No such file or directory
./run_sev_enable.sh: line 28: ./speed_pop2_base.mytest-m64: No such file or directory
./run_sev_enable.sh: line 28: ./speed_pop2_base.mytest-m64: No such file or directory
./run_sev_enable.sh: line 28: ./speed_pop2_base.mytest-m64: No such file or directory
./run_sev_enable.sh: line 28: ./speed_pop2_base.mytest-m64: No such file or directory
./run_sev_enable.sh: line 28: ./speed_pop2_base.mytest-m64: No such file or directory
./run_sev_enable.sh: line 28: ./speed_pop2_base.mytest-m64: No such file or directory
./run_sev_enable.sh: line 28: ./speed_pop2_base.mytest-m64: No such file or directory
./run_sev_enable.sh: line 28: ./speed_pop2_base.mytest-m64: No such file or directory
./run_sev_enable.sh: line 28: ./speed_pop2_base.mytest-m64: No such file or directory
./run_sev_enable.sh: line 28: ./speed_pop2_base.mytest-m64: No such file or directory
./run_sev_enable.sh: line 28: ./speed_pop2_base.mytest-m64: No such file or directory
./run_sev_enable.sh: line 28: ./speed_pop2_base.mytest-m64: No such file or directory
./run_sev_enable.sh: line 28: ./speed_pop2_base.mytest-m64: No such file or directory
./run_sev_enable.sh: line 28: ./speed_pop2_base.mytest-m64: No such file or directory
./run_sev_enable.sh: line 28: ./speed_pop2_base.mytest-m64: No such file or directory
./run_sev_enable.sh: line 28: ./speed_pop2_base.mytest-m64: No such file or directory
./run_sev_enable.sh: line 28: ./speed_pop2_base.mytest-m64: No such file or directory
./run_sev_enable.sh: line 28: ./speed_pop2_base.mytest-m64: No such file or directory
./run_sev_enable.sh: line 28: ./speed_pop2_base.mytest-m64: No such file or directory
./run_sev_enable.sh: line 28: ./speed_pop2_base.mytest-m64: No such file or directory
./run_sev_enable.sh: line 28: ./speed_pop2_base.mytest-m64: No such file or directory
./run_sev_enable.sh: line 28: ./speed_pop2_base.mytest-m64: No such file or directory
./run_sev_enable.sh: line 28: ./speed_pop2_base.mytest-m64: No such file or directory
./run_sev_enable.sh: line 28: ./speed_pop2_base.mytest-m64: No such file or directory
./run_sev_enable.sh: line 28: ./speed_pop2_base.mytest-m64: No such file or directory
./run_sev_enable.sh: line 28: ./speed_pop2_base.mytest-m64: No such file or directory
./run_sev_enable.sh: line 28: ./speed_pop2_base.mytest-m64: No such file or directory
./run_sev_enable.sh: line 28: ./speed_pop2_base.mytest-m64: No such file or directory
./run_sev_enable.sh: line 28: ./speed_pop2_base.mytest-m64: No such file or directory
./run_sev_enable.sh: line 28: ./speed_pop2_base.mytest-m64: No such file or directory
./run_sev_enable.sh: line 28: ./speed_pop2_base.mytest-m64: No such file or directory
./run_sev_enable.sh: line 28: ./speed_pop2_base.mytest-m64: No such file or directory
./run_sev_enable.sh: line 28: ./speed_pop2_base.mytest-m64: No such file or directory
./run_sev_enable.sh: line 28: ./speed_pop2_base.mytest-m64: No such file or directory
./run_sev_enable.sh: line 28: ./speed_pop2_base.mytest-m64: No such file or directory
./run_sev_enable.sh: line 28: ./speed_pop2_base.mytest-m64: No such file or directory
./run_sev_enable.sh: line 28: ./speed_pop2_base.mytest-m64: No such file or directory
./run_sev_enable.sh: line 28: ./speed_pop2_base.mytest-m64: No such file or directory
./run_sev_enable.sh: line 28: ./speed_pop2_base.mytest-m64: No such file or directory
./run_sev_enable.sh: line 28: ./speed_pop2_base.mytest-m64: No such file or directory
./run_sev_enable.sh: line 28: ./speed_pop2_base.mytest-m64: No such file or directory
./run_sev_enable.sh: line 28: ./speed_pop2_base.mytest-m64: No such file or directory
./run_sev_enable.sh: line 28: ./speed_pop2_base.mytest-m64: No such file or directory
./run_sev_enable.sh: line 28: ./speed_pop2_base.mytest-m64: No such file or directory
./run_sev_enable.sh: line 28: ./speed_pop2_base.mytest-m64: No such file or directory
./run_sev_enable.sh: line 28: ./speed_pop2_base.mytest-m64: No such file or directory
./run_sev_enable.sh: line 28: ./speed_pop2_base.mytest-m64: No such file or directory
./run_sev_enable.sh: line 28: ./speed_pop2_base.mytest-m64: No such file or directory
./run_sev_enable.sh: line 28: ./speed_pop2_base.mytest-m64: No such file or directory
./run_sev_enable.sh: line 28: ./speed_pop2_base.mytest-m64: No such file or directory
./run_sev_enable.sh: line 28: ./speed_pop2_base.mytest-m64: No such file or directory
./run_sev_enable.sh: line 28: ./speed_pop2_base.mytest-m64: No such file or directory
./run_sev_enable.sh: line 28: ./speed_pop2_base.mytest-m64: No such file or directory
./run_sev_enable.sh: line 28: ./speed_pop2_base.mytest-m64: No such file or directory
./run_sev_enable.sh: line 28: ./speed_pop2_base.mytest-m64: No such file or directory
./run_sev_enable.sh: line 28: ./speed_pop2_base.mytest-m64: No such file or directory
./run_sev_enable.sh: line 28: ./speed_pop2_base.mytest-m64: No such file or directory
./run_sev_enable.sh: line 28: ./speed_pop2_base.mytest-m64: No such file or directory
./run_sev_enable.sh: line 28: ./speed_pop2_base.mytest-m64: No such file or directory
./run_sev_enable.sh: line 28: ./speed_pop2_base.mytest-m64: No such file or directory
./run_sev_enable.sh: line 28: ./speed_pop2_base.mytest-m64: No such file or directory
./run_sev_enable.sh: line 28: ./speed_pop2_base.mytest-m64: No such file or directory
./run_sev_enable.sh: line 28: ./speed_pop2_base.mytest-m64: No such file or directory
./run_sev_enable.sh: line 28: ./speed_pop2_base.mytest-m64: No such file or directory
./run_sev_enable.sh: line 28: ./speed_pop2_base.mytest-m64: No such file or directory
./run_sev_enable.sh: line 28: ./speed_pop2_base.mytest-m64: No such file or directory
./run_sev_enable.sh: line 28: ./speed_pop2_base.mytest-m64: No such file or directory
./run_sev_enable.sh: line 28: ./speed_pop2_base.mytest-m64: No such file or directory
./run_sev_enable.sh: line 28: ./speed_pop2_base.mytest-m64: No such file or directory
./run_sev_enable.sh: line 28: ./speed_pop2_base.mytest-m64: No such file or directory
./run_sev_enable.sh: line 28: ./speed_pop2_base.mytest-m64: No such file or directory
./run_sev_enable.sh: line 28: ./speed_pop2_base.mytest-m64: No such file or directory
./run_sev_enable.sh: line 28: ./speed_pop2_base.mytest-m64: No such file or directory
./run_sev_enable.sh: line 28: ./speed_pop2_base.mytest-m64: No such file or directory
./run_sev_enable.sh: line 28: ./speed_pop2_base.mytest-m64: No such file or directory
./run_sev_enable.sh: line 28: ./speed_pop2_base.mytest-m64: No such file or directory
./run_sev_enable.sh: line 28: ./speed_pop2_base.mytest-m64: No such file or directory
./run_sev_enable.sh: line 28: ./speed_pop2_base.mytest-m64: No such file or directory
./run_sev_enable.sh: line 28: ./speed_pop2_base.mytest-m64: No such file or directory
./run_sev_enable.sh: line 28: ./speed_pop2_base.mytest-m64: No such file or directory
./run_sev_enable.sh: line 28: ./speed_pop2_base.mytest-m64: No such file or directory
./run_sev_enable.sh: line 28: ./speed_pop2_base.mytest-m64: No such file or directory
./run_sev_enable.sh: line 28: ./speed_pop2_base.mytest-m64: No such file or directory
./run_sev_enable.sh: line 28: ./speed_pop2_base.mytest-m64: No such file or directory
./run_sev_enable.sh: line 28: ./speed_pop2_base.mytest-m64: No such file or directory
./run_sev_enable.sh: line 28: ./speed_pop2_base.mytest-m64: No such file or directory
./run_sev_enable.sh: line 28: ./speed_pop2_base.mytest-m64: No such file or directory
./run_sev_enable.sh: line 28: ./speed_pop2_base.mytest-m64: No such file or directory
./run_sev_enable.sh: line 28: ./speed_pop2_base.mytest-m64: No such file or directory
./run_sev_enable.sh: line 28: ./speed_pop2_base.mytest-m64: No such file or directory
./run_sev_enable.sh: line 28: ./speed_pop2_base.mytest-m64: No such file or directory
./run_sev_enable.sh: line 28: ./speed_pop2_base.mytest-m64: No such file or directory
./run_sev_enable.sh: line 28: ./speed_pop2_base.mytest-m64: No such file or directory
./run_sev_enable.sh: line 28: ./speed_pop2_base.mytest-m64: No such file or directory
